2015-11-03 12:10:45,959 INFO  [main] app_kvClient.KVClient: Client: 1 connected
2015-11-03 12:14:43,101 INFO  [main] app_kvClient.KVClient: Client: 1 connected
2015-11-03 12:15:00,669 ERROR [pool-1-thread-1] app_kvClient.KVClient: Unable to process message from client 1.
java.lang.Exception: Unable to parse message string
	at common.messages.KVMessageImpl.<init>(KVMessageImpl.java:58)
	at app_kvClient.KVClient.extractMessage(KVClient.java:100)
	at app_kvClient.KVClient.run(KVClient.java:60)
	at java.util.concurrent.ThreadPoolExecutor.runWorker(ThreadPoolExecutor.java:1142)
	at java.util.concurrent.ThreadPoolExecutor$Worker.run(ThreadPoolExecutor.java:617)
	at java.lang.Thread.run(Thread.java:745)
2015-11-03 12:15:00,673 ERROR [pool-1-thread-1] app_kvClient.KVClient: Client: 1. Invalid message from client: GENERAL_ERROR:,
2015-11-03 12:15:00,700 ERROR [pool-1-thread-1] app_kvClient.KVClient: Unable to process message from client 1.
java.lang.Exception: Unable to parse message string
	at common.messages.KVMessageImpl.<init>(KVMessageImpl.java:58)
	at app_kvClient.KVClient.extractMessage(KVClient.java:100)
	at app_kvClient.KVClient.run(KVClient.java:60)
	at java.util.concurrent.ThreadPoolExecutor.runWorker(ThreadPoolExecutor.java:1142)
	at java.util.concurrent.ThreadPoolExecutor$Worker.run(ThreadPoolExecutor.java:617)
	at java.lang.Thread.run(Thread.java:745)
2015-11-03 12:15:00,701 ERROR [pool-1-thread-1] app_kvClient.KVClient: Client: 1. Invalid message from client: GENERAL_ERROR:,
2015-11-03 12:15:00,702 ERROR [pool-1-thread-1] app_kvClient.KVClient: Unable to parse string message from client
2015-11-03 12:15:08,165 INFO  [main] app_kvClient.KVClient: Client: 2 connected
